SOFTWARE/android/coptercontrol/build/outputs/logs/manifest-merger-debug-report.txt
-- Merging decision tree log ---
manifest
ADDED from src\main\AndroidManifest.xml:2:1-54:12
	package
		ADDED from src\main\AndroidManifest.xml:3:7-45
		INJECTED from src\main\AndroidManifest.xml
		INJECTED from src\main\AndroidManifest.xml
	android:versionName
		ADDED from src\main\AndroidManifest.xml:5:7-32
		INJECTED from src\main\AndroidManifest.xml
		INJECTED from src\main\AndroidManifest.xml
	android:versionCode
		ADDED from src\main\AndroidManifest.xml:4:7-30
		INJECTED from src\main\AndroidManifest.xml
		INJECTED from src\main\AndroidManifest.xml
	xmlns:android
		ADDED from src\main\AndroidManifest.xml:2:12-70
uses-feature#android.hardware.usb.host
ADDED from src\main\AndroidManifest.xml:6:2-59
	android:name
		ADDED from src\main\AndroidManifest.xml:6:16-56
uses-sdk
ADDED from src\main\AndroidManifest.xml:7:5-74
MERGED from [com.android.support:support-v13:23.1.1] AndroidManifest.xml:20:5-44
MERGED from [com.android.support:support-v4:23.1.1] AndroidManifest.xml:20:5-43
	android:targetSdkVersion
		ADDED from src\main\AndroidManifest.xml:7:42-71
		INJECTED from src\main\AndroidManifest.xml
		INJECTED from src\main\AndroidManifest.xml
	android:minSdkVersion
		ADDED from src\main\AndroidManifest.xml:7:15-41
		INJECTED from src\main\AndroidManifest.xml
		INJECTED from src\main\AndroidManifest.xml
application
ADDED from src\main\AndroidManifest.xml:9:5-34:19
MERGED from [com.android.support:support-v13:23.1.1] AndroidManifest.xml:22:5-20
MERGED from [com.android.support:support-v4:23.1.1] AndroidManifest.xml:22:5-20
	android:label
		ADDED from src\main\AndroidManifest.xml:12:3-35
	android:allowBackup
		ADDED from src\main\AndroidManifest.xml:10:9-35
	android:icon
		ADDED from src\main\AndroidManifest.xml:11:9-45
	android:theme
		ADDED from src\main\AndroidManifest.xml:13:3-31
activity#com.stormcolor.coptercontrol.MainActivity
ADDED from src\main\AndroidManifest.xml:14:6-33:20
	android:screenOrientation
		ADDED from src\main\AndroidManifest.xml:17:13-49
	android:label
		ADDED from src\main\AndroidManifest.xml:16:13-45
	android:configChanges
		ADDED from src\main\AndroidManifest.xml:18:13-63
	android:name
		ADDED from src\main\AndroidManifest.xml:15:10-38
intent-filter#android.intent.action.MAIN+android.intent.category.LAUNCHER
ADDED from src\main\AndroidManifest.xml:20:13-23:29
action#android.intent.action.MAIN
ADDED from src\main\AndroidManifest.xml:21:17-69
	android:name
		ADDED from src\main\AndroidManifest.xml:21:25-66
category#android.intent.category.LAUNCHER
ADDED from src\main\AndroidManifest.xml:22:17-77
	android:name
		ADDED from src\main\AndroidManifest.xml:22:27-74
intent-filter#android.hardware.usb.action.USB_DEVICE_ATTACHED
ADDED from src\main\AndroidManifest.xml:25:13-27:29
action#android.hardware.usb.action.USB_DEVICE_ATTACHED
ADDED from src\main\AndroidManifest.xml:26:17-90
	android:name
		ADDED from src\main\AndroidManifest.xml:26:25-87
meta-data#android.hardware.usb.action.USB_DEVICE_ATTACHED
ADDED from src\main\AndroidManifest.xml:28:13-127
	android:resource
		ADDED from src\main\AndroidManifest.xml:28:87-124
	android:name
		ADDED from src\main\AndroidManifest.xml:28:24-86
intent-filter#android.hardware.usb.action.USB_DEVICE_DETACHED
ADDED from src\main\AndroidManifest.xml:30:13-32:29
action#android.hardware.usb.action.USB_DEVICE_DETACHED
ADDED from src\main\AndroidManifest.xml:31:17-90
	android:name
		ADDED from src\main\AndroidManifest.xml:31:25-87
supports-screens
ADDED from src\main\AndroidManifest.xml:37:5-41:51
	android:largeScreens
		ADDED from src\main\AndroidManifest.xml:40:23-50
	android:smallScreens
		ADDED from src\main\AndroidManifest.xml:38:23-50
	android:normalScreens
		ADDED from src\main\AndroidManifest.xml:39:23-51
	android:resizeable
		ADDED from src\main\AndroidManifest.xml:37:23-48
	android:anyDensity
		ADDED from src\main\AndroidManifest.xml:41:23-48
uses-permission#android.permission.CAMERA
ADDED from src\main\AndroidManifest.xml:43:5-64
	android:name
		ADDED from src\main\AndroidManifest.xml:43:22-62
uses-feature#android.hardware.camera
ADDED from src\main\AndroidManifest.xml:44:5-84
	android:required
		ADDED from src\main\AndroidManifest.xml:44:58-82
	android:name
		ADDED from src\main\AndroidManifest.xml:44:19-57
uses-feature#android.hardware.camera.autofocus
ADDED from src\main\AndroidManifest.xml:45:5-94
	android:required
		ADDED from src\main\AndroidManifest.xml:45:68-92
	android:name
		ADDED from src\main\AndroidManifest.xml:45:19-67
uses-feature#android.hardware.camera.front
ADDED from src\main\AndroidManifest.xml:46:5-90
	android:required
		ADDED from src\main\AndroidManifest.xml:46:64-88
	android:name
		ADDED from src\main\AndroidManifest.xml:46:19-63
uses-feature#android.hardware.camera.front.autofocus
ADDED from src\main\AndroidManifest.xml:47:5-100
	android:required
		ADDED from src\main\AndroidManifest.xml:47:74-98
	android:name
		ADDED from src\main\AndroidManifest.xml:47:19-73
uses-feature#0x00020000
ADDED from src\main\AndroidManifest.xml:49:5-78
	android:glEsVersion
		ADDED from src\main\AndroidManifest.xml:49:19-51
	android:required
		ADDED from src\main\AndroidManifest.xml:49:52-75
supports-gl-texture#GL_OES_compressed_ETC1_RGB8_texture
ADDED from src\main\AndroidManifest.xml:50:2-76
	android:name
		ADDED from src\main\AndroidManifest.xml:50:23-73
supports-gl-texture#GL_OES_compressed_paletted_texture
ADDED from src\main\AndroidManifest.xml:51:2-75
	android:name
		ADDED from src\main\AndroidManifest.xml:51:23-72